  文本行编辑.c
e:\git_repository\data-structure-basic-algorithm\第四章\文本行编辑\文本行编辑\predefine.h : warning C4819: 该文件包含不能在当前代码页(936)中表示的字符。请将该文件保存为 Unicode 格式以防止数据丢失
e:\git_repository\data-structure-basic-algorithm\第四章\文本行编辑\文本行编辑\文本行编辑.c(16): warning C4267: “=”: 从“size_t”转换到“int”，可能丢失数据
e:\git_repository\data-structure-basic-algorithm\第四章\文本行编辑\文本行编辑\文本行编辑.c(268): warning C4267: “=”: 从“size_t”转换到“int”，可能丢失数据
e:\git_repository\data-structure-basic-algorithm\第四章\文本行编辑\文本行编辑\文本行编辑.c(261): warning C4996: 'scanf': This function or variable may be unsafe. Consider using scanf_s instead. To disable deprecation, use _CRT_SECURE_NO_WARNINGS. See online help for details.
  c:\program files (x86)\windows kits\10\include\10.0.16299.0\ucrt\stdio.h(1272): note: 参见“scanf”的声明
e:\git_repository\data-structure-basic-algorithm\第四章\文本行编辑\文本行编辑\文本行编辑.c(262): warning C4996: 'fopen': This function or variable may be unsafe. Consider using fopen_s instead. To disable deprecation, use _CRT_SECURE_NO_WARNINGS. See online help for details.
  c:\program files (x86)\windows kits\10\include\10.0.16299.0\ucrt\stdio.h(207): note: 参见“fopen”的声明
e:\git_repository\data-structure-basic-algorithm\第四章\文本行编辑\文本行编辑\文本行编辑.c(318): warning C4013: “gets”未定义；假设外部返回 int
e:\git_repository\data-structure-basic-algorithm\第四章\文本行编辑\文本行编辑\文本行编辑.c(304): warning C4996: 'scanf': This function or variable may be unsafe. Consider using scanf_s instead. To disable deprecation, use _CRT_SECURE_NO_WARNINGS. See online help for details.
  c:\program files (x86)\windows kits\10\include\10.0.16299.0\ucrt\stdio.h(1272): note: 参见“scanf”的声明
e:\git_repository\data-structure-basic-algorithm\第四章\文本行编辑\文本行编辑\文本行编辑.c(331): warning C4996: 'scanf': This function or variable may be unsafe. Consider using scanf_s instead. To disable deprecation, use _CRT_SECURE_NO_WARNINGS. See online help for details.
  c:\program files (x86)\windows kits\10\include\10.0.16299.0\ucrt\stdio.h(1272): note: 参见“scanf”的声明
e:\git_repository\data-structure-basic-algorithm\第四章\文本行编辑\文本行编辑\文本行编辑.c(348): warning C4996: 'scanf': This function or variable may be unsafe. Consider using scanf_s instead. To disable deprecation, use _CRT_SECURE_NO_WARNINGS. See online help for details.
  c:\program files (x86)\windows kits\10\include\10.0.16299.0\ucrt\stdio.h(1272): note: 参见“scanf”的声明
e:\git_repository\data-structure-basic-algorithm\第四章\文本行编辑\文本行编辑\文本行编辑.c(375): warning C4996: 'scanf': This function or variable may be unsafe. Consider using scanf_s instead. To disable deprecation, use _CRT_SECURE_NO_WARNINGS. See online help for details.
  c:\program files (x86)\windows kits\10\include\10.0.16299.0\ucrt\stdio.h(1272): note: 参见“scanf”的声明
e:\git_repository\data-structure-basic-algorithm\第四章\文本行编辑\文本行编辑\文本行编辑.c(394): warning C4996: 'scanf': This function or variable may be unsafe. Consider using scanf_s instead. To disable deprecation, use _CRT_SECURE_NO_WARNINGS. See online help for details.
  c:\program files (x86)\windows kits\10\include\10.0.16299.0\ucrt\stdio.h(1272): note: 参见“scanf”的声明
e:\git_repository\data-structure-basic-algorithm\第四章\文本行编辑\文本行编辑\文本行编辑.c(430): warning C4996: 'scanf': This function or variable may be unsafe. Consider using scanf_s instead. To disable deprecation, use _CRT_SECURE_NO_WARNINGS. See online help for details.
  c:\program files (x86)\windows kits\10\include\10.0.16299.0\ucrt\stdio.h(1272): note: 参见“scanf”的声明
e:\git_repository\data-structure-basic-algorithm\第四章\文本行编辑\文本行编辑\文本行编辑.c(434): warning C4996: 'scanf': This function or variable may be unsafe. Consider using scanf_s instead. To disable deprecation, use _CRT_SECURE_NO_WARNINGS. See online help for details.
  c:\program files (x86)\windows kits\10\include\10.0.16299.0\ucrt\stdio.h(1272): note: 参见“scanf”的声明
e:\git_repository\data-structure-basic-algorithm\第四章\文本行编辑\文本行编辑\文本行编辑.c(476): warning C4996: 'fopen': This function or variable may be unsafe. Consider using fopen_s instead. To disable deprecation, use _CRT_SECURE_NO_WARNINGS. See online help for details.
  c:\program files (x86)\windows kits\10\include\10.0.16299.0\ucrt\stdio.h(207): note: 参见“fopen”的声明
e:\git_repository\data-structure-basic-algorithm\第四章\文本行编辑\文本行编辑\文本行编辑.c(504): warning C4996: 'scanf': This function or variable may be unsafe. Consider using scanf_s instead. To disable deprecation, use _CRT_SECURE_NO_WARNINGS. See online help for details.
  c:\program files (x86)\windows kits\10\include\10.0.16299.0\ucrt\stdio.h(1272): note: 参见“scanf”的声明
  文本行编辑.vcxproj -> E:\Git_Repository\Data-Structure-Basic-Algorithm\第四章\文本行编辑\x64\Debug\文本行编辑.exe
